<?xml version="1.0" encoding="UTF-8"?>
<!-- Generated by org.testng.reporters.JUnitXMLReporter -->
<testsuite ignored="0" hostname="Carmelos-MacBook-Air.local" failures="0" tests="3" name="Surefire test" time="19.977" errors="0" timestamp="2025-05-12T09:41:55 MST">
  <testcase classname="api.ApiTest" name="testGetRequest" time="3.439"/>
  <testcase classname="io.cucumber.testng.AbstractTestNGCucumberTests" name="runScenario" time="0.284"/>
  <testcase classname="io.cucumber.testng.AbstractTestNGCucumberTests" name="runScenario" time="10.521"/>
</testsuite> <!-- Surefire test -->
