<?xml version="1.0" encoding="UTF-8"?>
<testng-results ignored="0" total="3" passed="3" failed="0" skipped="0">
  <reporter-output>
  </reporter-output>
  <suite started-at="2025-05-12T09:41:35 MST" name="Surefire suite" finished-at="2025-05-12T09:41:55 MST" duration-ms="19977">
    <groups>
      <group name="cucumber">
        <method signature="AbstractTestNGCucumberTests.runScenario(io.cucumber.testng.PickleWrapper,io.cucumber.testng.FeatureWrapper)[pri:0, instance:runners.TestRunner@147ed70f]" name="runScenario" class="io.cucumber.testng.AbstractTestNGCucumberTests"/>
      </group> <!-- cucumber -->
    </groups>
    <test started-at="2025-05-12T09:41:35 MST" name="Surefire test" finished-at="2025-05-12T09:41:55 MST" duration-ms="19977">
      <class name="api.ApiTest">
        <test-method signature="testGetRequest()[pri:0, instance:api.ApiTest@8909f18]" started-at="2025-05-12T09:41:35 MST" name="testGetRequest" finished-at="2025-05-12T09:41:39 MST" duration-ms="3439" status="PASS">
          <reporter-output>
          </reporter-output>
        </test-method> <!-- testGetRequest -->
      </class> <!-- api.ApiTest -->
      <class name="runners.TestRunner">
        <test-method is-config="true" signature="setUpClass(org.testng.ITestContext)[pri:0, instance:runners.TestRunner@147ed70f]" started-at="2025-05-12T09:41:39 MST" name="setUpClass" finished-at="2025-05-12T09:41:40 MST" duration-ms="1108" status="PASS">
          <params>
            <param index="0">
              <value>
                <![CDATA[org.testng.TestRunner@1b4a3a1]]>
              </value>
            </param>
          </params>
          <reporter-output>
          </reporter-output>
        </test-method> <!-- setUpClass -->
        <test-method is-config="true" signature="setUp()[pri:0, instance:runners.TestRunner@147ed70f]" started-at="2025-05-12T09:41:40 MST" name="setUp" finished-at="2025-05-12T09:41:44 MST" duration-ms="4245" status="PASS">
          <reporter-output>
          </reporter-output>
        </test-method> <!-- setUp -->
        <test-method signature="runScenario(io.cucumber.testng.PickleWrapper,io.cucumber.testng.FeatureWrapper)[pri:0, instance:runners.TestRunner@147ed70f]" started-at="2025-05-12T09:41:44 MST" name="runScenario" description="Runs Cucumber Scenarios" data-provider="scenarios" finished-at="2025-05-12T09:41:44 MST" duration-ms="284" status="PASS">
          <params>
            <param index="0">
              <value>
                <![CDATA["Obtener información del usuario"]]>
              </value>
            </param>
            <param index="1">
              <value>
                <![CDATA["Test de API"]]>
              </value>
            </param>
          </params>
          <reporter-output>
          </reporter-output>
        </test-method> <!-- runScenario -->
        <test-method signature="runScenario(io.cucumber.testng.PickleWrapper,io.cucumber.testng.FeatureWrapper)[pri:0, instance:runners.TestRunner@147ed70f]" started-at="2025-05-12T09:41:44 MST" name="runScenario" description="Runs Cucumber Scenarios" data-provider="scenarios" finished-at="2025-05-12T09:41:55 MST" duration-ms="10521" status="PASS">
          <params>
            <param index="0">
              <value>
                <![CDATA["Successful login"]]>
              </value>
            </param>
            <param index="1">
              <value>
                <![CDATA["Login functionality"]]>
              </value>
            </param>
          </params>
          <reporter-output>
          </reporter-output>
        </test-method> <!-- runScenario -->
        <test-method is-config="true" signature="tearDown()[pri:0, instance:runners.TestRunner@147ed70f]" started-at="2025-05-12T09:41:55 MST" name="tearDown" finished-at="2025-05-12T09:41:55 MST" duration-ms="250" status="PASS">
          <reporter-output>
          </reporter-output>
        </test-method> <!-- tearDown -->
        <test-method is-config="true" signature="tearDownClass()[pri:0, instance:runners.TestRunner@147ed70f]" started-at="2025-05-12T09:41:55 MST" name="tearDownClass" finished-at="2025-05-12T09:41:55 MST" duration-ms="38" status="PASS">
          <reporter-output>
          </reporter-output>
        </test-method> <!-- tearDownClass -->
      </class> <!-- runners.TestRunner -->
    </test> <!-- Surefire test -->
  </suite> <!-- Surefire suite -->
</testng-results>
